{"/home/node/app/src/category/domain/entities/category.ts": {"path":"/home/node/app/src/category/domain/entities/category.ts","all":false,"statementMap":{"0":{"start":{"line":1,"column":0},"end":{"line":1,"column":0}},"1":{"start":{"line":2,"column":0},"end":{"line":2,"column":0}},"2":{"start":{"line":3,"column":0},"end":{"line":3,"column":23}},"3":{"start":{"line":4,"column":0},"end":{"line":4,"column":39}},"4":{"start":{"line":5,"column":0},"end":{"line":5,"column":0}},"5":{"start":{"line":6,"column":0},"end":{"line":6,"column":1}}},"s":{"0":1,"1":1,"2":1,"3":1,"4":1,"5":1},"branchMap":{"0":{"type":"branch","line":4,"loc":{"start":{"line":4,"column":4},"end":{"line":4,"column":39}},"locations":[{"start":{"line":4,"column":4},"end":{"line":4,"column":39}}]}},"b":{"0":[1]},"fnMap":{"0":{"name":"Category","decl":{"start":{"line":4,"column":4},"end":{"line":4,"column":39}},"loc":{"start":{"line":4,"column":4},"end":{"line":4,"column":39}},"line":4}},"f":{"0":1}}
}
